0 info it worked if it ends with ok
1 verbose cli [ 'C:\\Program Files\\nodejs\\node.exe',
1 verbose cli   'C:\\Users\\Flex\\AppData\\Roaming\\npm\\node_modules\\npm\\bin\\npm-cli.js',
1 verbose cli   'start' ]
2 info using npm@3.10.5
3 info using node@v4.4.7
4 verbose run-script [ 'prestart', 'start', 'poststart' ]
5 info lifecycle danny-debotto-js@0.0.1~prestart: danny-debotto-js@0.0.1
6 silly lifecycle danny-debotto-js@0.0.1~prestart: no script for prestart, continuing
7 info lifecycle danny-debotto-js@0.0.1~start: danny-debotto-js@0.0.1
8 verbose lifecycle danny-debotto-js@0.0.1~start: unsafe-perm in lifecycle true
9 verbose lifecycle danny-debotto-js@0.0.1~start: PATH: C:\Users\Flex\AppData\Roaming\npm\node_modules\npm\bin\node-gyp-bin;E:\Personal\danny-debotto\node_modules\.bin;C:\Program Files\nodejs;C:\Users\Flex\bin;C:\Program Files\Git\mingw64\bin;C:\Program Files\Git\usr\local\bin;C:\Program Files\Git\usr\bin;C:\Program Files\Git\usr\bin;C:\Program Files\Git\cmd;C:\Program Files\ConEmu\ConEmu\Scripts;C:\Program Files\ConEmu;C:\Program Files\ConEmu\ConEmu;C:\ProgramData\Oracle\Java\javapath;C:\Windows\system32;C:\Windows;C:\Windows\System32\Wbem;C:\Windows\System32\WindowsPowerShell\v1.0;C:\Program Files (x86)\Windows Kits\8.1\Windows Performance Toolkit;C:\Users\Flex\.dnx\bin;C:\Program Files\Microsoft DNX\Dnvm;C:\Program Files\Microsoft SQL Server\130\Tools\Binn;C:\Program Files\Git\cmd;C:\Program Files (x86)\NVIDIA Corporation\PhysX\Common;C:\Program Files\nodejs;C:\Program Files (x86)\Skype\Phone;C:\Ruby23-x64\bin;C:\Users\Flex\AppData\Roaming\npm;C:\Users\Flex\.babun;C:\Users\Flex\AppData\Local\Android\Sdk\platform-tools;C:\Program Files\Git\usr\bin\vendor_perl;C:\Program Files\Git\usr\bin\core_perl
10 verbose lifecycle danny-debotto-js@0.0.1~start: CWD: E:\Personal\danny-debotto
11 silly lifecycle danny-debotto-js@0.0.1~start: Args: [ '/d /s /c', 'nodemon danny.js' ]
12 silly lifecycle danny-debotto-js@0.0.1~start: Returned: code: 1  signal: null
13 info lifecycle danny-debotto-js@0.0.1~start: Failed to exec start script
14 verbose stack Error: danny-debotto-js@0.0.1 start: `nodemon danny.js`
14 verbose stack Exit status 1
14 verbose stack     at EventEmitter.<anonymous> (C:\Users\Flex\AppData\Roaming\npm\node_modules\npm\lib\utils\lifecycle.js:242:16)
14 verbose stack     at emitTwo (events.js:87:13)
14 verbose stack     at EventEmitter.emit (events.js:172:7)
14 verbose stack     at ChildProcess.<anonymous> (C:\Users\Flex\AppData\Roaming\npm\node_modules\npm\lib\utils\spawn.js:40:14)
14 verbose stack     at emitTwo (events.js:87:13)
14 verbose stack     at ChildProcess.emit (events.js:172:7)
14 verbose stack     at maybeClose (internal/child_process.js:827:16)
14 verbose stack     at Process.ChildProcess._handle.onexit (internal/child_process.js:211:5)
15 verbose pkgid danny-debotto-js@0.0.1
16 verbose cwd E:\Personal\danny-debotto
17 error Windows_NT 6.3.9600
18 error argv "C:\\Program Files\\nodejs\\node.exe" "C:\\Users\\Flex\\AppData\\Roaming\\npm\\node_modules\\npm\\bin\\npm-cli.js" "start"
19 error node v4.4.7
20 error npm  v3.10.5
21 error code ELIFECYCLE
22 error danny-debotto-js@0.0.1 start: `nodemon danny.js`
22 error Exit status 1
23 error Failed at the danny-debotto-js@0.0.1 start script 'nodemon danny.js'.
23 error Make sure you have the latest version of node.js and npm installed.
23 error If you do, this is most likely a problem with the danny-debotto-js package,
23 error not with npm itself.
23 error Tell the author that this fails on your system:
23 error     nodemon danny.js
23 error You can get information on how to open an issue for this project with:
23 error     npm bugs danny-debotto-js
23 error Or if that isn't available, you can get their info via:
23 error     npm owner ls danny-debotto-js
23 error There is likely additional logging output above.
24 verbose exit [ 1, true ]
